-------------------------------------------------------------------------------
Test set: logica.SistemaTest
-------------------------------------------------------------------------------
Tests run: 51, Failures: 2, Errors: 2, Skipped: 0, Time elapsed: 2.906 s <<< FAILURE! -- in logica.SistemaTest
logica.SistemaTest.altaRutaPaquete_Success_And_PaqueteYaComprado -- Time elapsed: 2.565 s <<< ERROR!
java.lang.IllegalArgumentException: No se encontró la ruta con ese nombre en la BD: rOk
	at logica.Sistema.altaRutaPaquete(Sistema.java:844)
	at logica.SistemaTest.altaRutaPaquete_Success_And_PaqueteYaComprado(SistemaTest.java:669)
	at java.base/java.lang.reflect.Method.invoke(Method.java:580)
	at java.base/java.util.ArrayList.forEach(ArrayList.java:1596)
	at java.base/java.util.ArrayList.forEach(ArrayList.java:1596)

logica.SistemaTest.listarRutasConfirmadas_ReturnsConfirmedUpToLimitAndSkipsOthers -- Time elapsed: 0.006 s <<< FAILURE!
org.opentest4j.AssertionFailedError: expected: <1> but was: <0>
	at org.junit.jupiter.api.AssertionFailureBuilder.build(AssertionFailureBuilder.java:151)
	at org.junit.jupiter.api.AssertionFailureBuilder.buildAndThrow(AssertionFailureBuilder.java:132)
	at org.junit.jupiter.api.AssertEquals.failNotEqual(AssertEquals.java:197)
	at org.junit.jupiter.api.AssertEquals.assertEquals(AssertEquals.java:150)
	at org.junit.jupiter.api.AssertEquals.assertEquals(AssertEquals.java:145)
	at org.junit.jupiter.api.Assertions.assertEquals(Assertions.java:527)
	at logica.SistemaTest.listarRutasConfirmadas_ReturnsConfirmedUpToLimitAndSkipsOthers(SistemaTest.java:856)
	at java.base/java.lang.reflect.Method.invoke(Method.java:580)
	at java.base/java.util.ArrayList.forEach(ArrayList.java:1596)
	at java.base/java.util.ArrayList.forEach(ArrayList.java:1596)

logica.SistemaTest.altaVuelo_MissingRouteThrowsAndSuccess -- Time elapsed: 0.005 s <<< ERROR!
java.lang.IllegalArgumentException: No se puede dar de alta un vuelo para la ruta r1 porque no está CONFIRMADA. Estado actual: null
	at logica.Sistema.altaVuelo(Sistema.java:415)
	at logica.SistemaTest.altaVuelo_MissingRouteThrowsAndSuccess(SistemaTest.java:362)
	at java.base/java.lang.reflect.Method.invoke(Method.java:580)
	at java.base/java.util.ArrayList.forEach(ArrayList.java:1596)
	at java.base/java.util.ArrayList.forEach(ArrayList.java:1596)

logica.SistemaTest.cargarDesdeBd_ShouldCallAllLoaders -- Time elapsed: 0.006 s <<< FAILURE!
org.opentest4j.AssertionFailedError: Unexpected exception thrown: java.lang.NullPointerException: Cannot invoke "jakarta.persistence.TypedQuery.getResultList()" because "query" is null
	at org.junit.jupiter.api.AssertionFailureBuilder.build(AssertionFailureBuilder.java:152)
	at org.junit.jupiter.api.AssertDoesNotThrow.createAssertionFailedError(AssertDoesNotThrow.java:84)
	at org.junit.jupiter.api.AssertDoesNotThrow.assertDoesNotThrow(AssertDoesNotThrow.java:53)
	at org.junit.jupiter.api.AssertDoesNotThrow.assertDoesNotThrow(AssertDoesNotThrow.java:36)
	at org.junit.jupiter.api.Assertions.assertDoesNotThrow(Assertions.java:3164)
	at logica.SistemaTest.cargarDesdeBd_ShouldCallAllLoaders(SistemaTest.java:100)
	at java.base/java.lang.reflect.Method.invoke(Method.java:580)
	at java.base/java.util.ArrayList.forEach(ArrayList.java:1596)
	at java.base/java.util.ArrayList.forEach(ArrayList.java:1596)
Caused by: java.lang.NullPointerException: Cannot invoke "jakarta.persistence.TypedQuery.getResultList()" because "query" is null
	at logica.ManejadorFollow.cargarFollowsDesdeBD(ManejadorFollow.java:39)
	at logica.Sistema.cargarDesdeBd(Sistema.java:76)
	at org.junit.jupiter.api.AssertDoesNotThrow.assertDoesNotThrow(AssertDoesNotThrow.java:49)
	... 6 more

