<?xml version="1.0" encoding="UTF-8"?>
<testsuite xmlns:xsi="http://www.w3.org/2001/XMLSchema-instance" xsi:noNamespaceSchemaLocation="https://maven.apache.org/surefire/maven-surefire-plugin/xsd/surefire-test-report-3.0.xsd" version="3.0" name="logica.SistemaTest" time="2.906" tests="51" errors="2" skipped="0" failures="2">
  <properties>
[...]
</properties>
  <testcase name="altaRutaPaquete_Success_And_PaqueteYaComprado" classname="logica.SistemaTest" time="2.565">
    <error message="No se encontró la ruta con ese nombre en la BD: rOk" type="java.lang.IllegalArgumentException"><![CDATA[java.lang.IllegalArgumentException: No se encontró la ruta con ese nombre en la BD: rOk
	at logica.Sistema.altaRutaPaquete(Sistema.java:844)
	at logica.SistemaTest.altaRutaPaquete_Success_And_PaqueteYaComprado(SistemaTest.java:669)
	at java.base/java.lang.reflect.Method.invoke(Method.java:580)
	at java.base/java.util.ArrayList.forEach(ArrayList.java:1596)
	at java.base/java.util.ArrayList.forEach(ArrayList.java:1596)
]]></error>
  </testcase>
  <testcase name="obtenerAerolinea_ReturnsDtAerolinea_And_NotFound" classname="logica.SistemaTest" time="0.004"/>
  <testcase name="listarCiudades_ReturnsDtList" classname="logica.SistemaTest" time="0.005"/>
  <testcase name="obtenerCliente_ReturnsDtClienteOrNull" classname="logica.SistemaTest" time="0.002"/>
  <testcase name="modificarDatosClienteCompleto_SuccessAndNotFound" classname="logica.SistemaTest" time="0.004"/>
  <testcase name="altaAerolinea_SuccessAndDuplicate" classname="logica.SistemaTest" time="0.003"/>
  <testcase name="crearYRegistrarReserva_VueloNullAndDuplicateReservation" classname="logica.SistemaTest" time="0.005"/>
  <testcase name="verificarLogin_ShouldCheckClientThenAerolinea" classname="logica.SistemaTest" time="0.002"/>
  <testcase name="registrarReservaVuelo_PersistenceException_Rollback" classname="logica.SistemaTest" time="0.003"/>
  <testcase name="registrarReservaVuelo_ManejadorVueloTieneReserva_ShouldThrow" classname="logica.SistemaTest" time="0.003"/>
  <testcase name="aceptarYRechazarRuta_VerifyCalls" classname="logica.SistemaTest" time="0.001"/>
  <testcase name="deprecatedAltaMethods_ShouldThrowUnsupported" classname="logica.SistemaTest" time="0.002"/>
  <testcase name="modificarDatosAerolinea_SuccessAndNotFound" classname="logica.SistemaTest" time="0.003"/>
  <testcase name="obtenerImagenClienteAndAerolinea_ReturnsCorrectUrls" classname="logica.SistemaTest" time="0.033"/>
  <testcase name="getReservasCliente_SuccessAndNotFound" classname="logica.SistemaTest" time="0.034"/>
  <testcase name="obtenerImagenRuta_ListarYObtenerRutasPendientes" classname="logica.SistemaTest" time="0.002"/>
  <testcase name="altaRutaVuelo_Validations" classname="logica.SistemaTest" time="0.004"/>
  <testcase name="listarYObtenerClientes_And_modificarDatosCliente" classname="logica.SistemaTest" time="0.002"/>
  <testcase name="obtenerRutaAndListarRutasPorAerolinea" classname="logica.SistemaTest" time="0.008"/>
  <testcase name="altaRutaPaquete_PaqueteMissingShouldThrow" classname="logica.SistemaTest" time="0.005"/>
  <testcase name="calcularCostoReserva_TuristaAndEjecutivo_ShouldReturnCorrectCost" classname="logica.SistemaTest" time="0.003"/>
  <testcase name="altaCiudad_WhenNotExists_ShouldAddCity" classname="logica.SistemaTest" time="0.002"/>
  <testcase name="listarRutasConfirmadas_ReturnsConfirmedUpToLimitAndSkipsOthers" classname="logica.SistemaTest" time="0.006">
    <failure message="expected: &lt;1&gt; but was: &lt;0&gt;" type="org.opentest4j.AssertionFailedError"><![CDATA[org.opentest4j.AssertionFailedError: expected: <1> but was: <0>
	at org.junit.jupiter.api.AssertionFailureBuilder.build(AssertionFailureBuilder.java:151)
	at org.junit.jupiter.api.AssertionFailureBuilder.buildAndThrow(AssertionFailureBuilder.java:132)
	at org.junit.jupiter.api.AssertEquals.failNotEqual(AssertEquals.java:197)
	at org.junit.jupiter.api.AssertEquals.assertEquals(AssertEquals.java:150)
	at org.junit.jupiter.api.AssertEquals.assertEquals(AssertEquals.java:145)
	at org.junit.jupiter.api.Assertions.assertEquals(Assertions.java:527)
	at logica.SistemaTest.listarRutasConfirmadas_ReturnsConfirmedUpToLimitAndSkipsOthers(SistemaTest.java:856)
	at java.base/java.lang.reflect.Method.invoke(Method.java:580)
	at java.base/java.util.ArrayList.forEach(ArrayList.java:1596)
	at java.base/java.util.ArrayList.forEach(ArrayList.java:1596)
]]></failure>
  </testcase>
  <testcase name="actualizarImagenRuta_SuccessAndNotFound" classname="logica.SistemaTest" time="0.003"/>
  <testcase name="actualizarPassword_ClientThenAerolineaFallback" classname="logica.SistemaTest" time="0.026">
    <system-err><![CDATA[nov. 27, 2025 7:17:44 P. M. logica.Sistema actualizarPassword
INFO: Contraseña actualizada para cliente: c@mail
nov. 27, 2025 7:17:44 P. M. logica.Sistema actualizarPassword
INFO: Contraseña actualizada para aerolínea: x@mail
]]></system-err>
  </testcase>
  <testcase name="getDtItemRutasPaquete_Success" classname="logica.SistemaTest" time="0.031"/>
  <testcase name="actualizarImagenAerolinea_SuccessAndNotFound" classname="logica.SistemaTest" time="0.002"/>
  <testcase name="altaCategoria_DuplicateAndSuccess" classname="logica.SistemaTest" time="0.003">
    <system-err><![CDATA[nov. 27, 2025 7:17:44 P. M. logica.Sistema altaCategoria
INFO: Categoría creada correctamente: cat2
]]></system-err>
  </testcase>
  <testcase name="listarCategorias_ReturnsDtList" classname="logica.SistemaTest" time="0.005"/>
  <testcase name="listarAerolineas_ReturnsDtList" classname="logica.SistemaTest" time="0.002"/>
  <testcase name="altaPaquete_ValidationAndSuccess" classname="logica.SistemaTest" time="0.006"/>
  <testcase name="obtenerDatosAdicionalesUsuario_ClientAndAerolineaPaths" classname="logica.SistemaTest" time="0.003"/>
  <testcase name="altaVuelo_MissingRouteThrowsAndSuccess" classname="logica.SistemaTest" time="0.005">
    <error message="No se puede dar de alta un vuelo para la ruta r1 porque no está CONFIRMADA. Estado actual: null" type="java.lang.IllegalArgumentException"><![CDATA[java.lang.IllegalArgumentException: No se puede dar de alta un vuelo para la ruta r1 porque no está CONFIRMADA. Estado actual: null
	at logica.Sistema.altaVuelo(Sistema.java:415)
	at logica.SistemaTest.altaVuelo_MissingRouteThrowsAndSuccess(SistemaTest.java:362)
	at java.base/java.lang.reflect.Method.invoke(Method.java:580)
	at java.base/java.util.ArrayList.forEach(ArrayList.java:1596)
	at java.base/java.util.ArrayList.forEach(ArrayList.java:1596)
]]></error>
  </testcase>
  <testcase name="crearPasajero_InvalidName_ShouldThrow" classname="logica.SistemaTest" time="0.003"/>
  <testcase name="listarVuelosPorRuta_ReturnsDtVueloList" classname="logica.SistemaTest" time="0.036"/>
  <testcase name="listarPaquetesAndDisponibles" classname="logica.SistemaTest" time="0.002"/>
  <testcase name="crearPasajero_ValidNames_ShouldReturnTrimmedPasajero" classname="logica.SistemaTest" time="0.0"/>
  <testcase name="calcularCostoReserva_WhenVueloNotFound_ShouldThrow" classname="logica.SistemaTest" time="0.001"/>
  <testcase name="cargarDesdeBd_ShouldCallAllLoaders" classname="logica.SistemaTest" time="0.006">
    <failure message="Unexpected exception thrown: java.lang.NullPointerException: Cannot invoke &quot;jakarta.persistence.TypedQuery.getResultList()&quot; because &quot;query&quot; is null" type="org.opentest4j.AssertionFailedError"><![CDATA[org.opentest4j.AssertionFailedError: Unexpected exception thrown: java.lang.NullPointerException: Cannot invoke "jakarta.persistence.TypedQuery.getResultList()" because "query" is null
	at org.junit.jupiter.api.AssertionFailureBuilder.build(AssertionFailureBuilder.java:152)
	at org.junit.jupiter.api.AssertDoesNotThrow.createAssertionFailedError(AssertDoesNotThrow.java:84)
	at org.junit.jupiter.api.AssertDoesNotThrow.assertDoesNotThrow(AssertDoesNotThrow.java:53)
	at org.junit.jupiter.api.AssertDoesNotThrow.assertDoesNotThrow(AssertDoesNotThrow.java:36)
	at org.junit.jupiter.api.Assertions.assertDoesNotThrow(Assertions.java:3164)
	at logica.SistemaTest.cargarDesdeBd_ShouldCallAllLoaders(SistemaTest.java:100)
	at java.base/java.lang.reflect.Method.invoke(Method.java:580)
	at java.base/java.util.ArrayList.forEach(ArrayList.java:1596)
	at java.base/java.util.ArrayList.forEach(ArrayList.java:1596)
Caused by: java.lang.NullPointerException: Cannot invoke "jakarta.persistence.TypedQuery.getResultList()" because "query" is null
	at logica.ManejadorFollow.cargarFollowsDesdeBD(ManejadorFollow.java:39)
	at logica.Sistema.cargarDesdeBd(Sistema.java:76)
	at org.junit.jupiter.api.AssertDoesNotThrow.assertDoesNotThrow(AssertDoesNotThrow.java:49)
	... 6 more
]]></failure>
  </testcase>
  <testcase name="actualizarImagenCliente_SuccessAndNotFound" classname="logica.SistemaTest" time="0.002"/>
  <testcase name="altaCiudad_WhenExists_ShouldThrow" classname="logica.SistemaTest" time="0.001"/>
  <testcase name="obtenerPaquete_and_DtPaquete_SuccessAndNotFound" classname="logica.SistemaTest" time="0.003"/>
  <testcase name="obtenerVuelo_SuccessAndNotFound" classname="logica.SistemaTest" time="0.001"/>
  <testcase name="registrarReservaVuelo_SuccessAndErrors" classname="logica.SistemaTest" time="0.006"/>
  <testcase name="verInfoVuelo_VerInfoCliente_VerInfoAerolinea_SuccessAndNotFound" classname="logica.SistemaTest" time="0.003"/>
  <testcase name="compraPaquete_MissingPackageOrClientOrAlreadyBought_AndSuccess" classname="logica.SistemaTest" time="0.008">
    <system-err><![CDATA[nov. 27, 2025 7:17:44 P. M. logica.Sistema compraPaquete
INFO: Paquete comprado correctamente para cliente: null, paquete: null
]]></system-err>
  </testcase>
  <testcase name="modificarDatosAerolineaCompleto_SuccessAndHandlerThrows" classname="logica.SistemaTest" time="0.003"/>
  <testcase name="obtenerReserva_FoundAndNotFound" classname="logica.SistemaTest" time="0.003"/>
  <testcase name="obtenerTipoUsuario_ShouldReturnCorrectTypeOrNull" classname="logica.SistemaTest" time="0.003"/>
  <testcase name="altaCliente_SuccessAndDuplicate" classname="logica.SistemaTest" time="0.002"/>
  <testcase name="getDtItemRutasPaquete_WhenEmptyShouldThrow" classname="logica.SistemaTest" time="0.002"/>
</testsuite>