<?xml version="1.0" encoding="UTF-8"?>
<testsuite xmlns:xsi="http://www.w3.org/2001/XMLSchema-instance" xsi:noNamespaceSchemaLocation="https://maven.apache.org/surefire/maven-surefire-plugin/xsd/surefire-test-report-3.0.xsd" version="3.0" name="logica.ManejadorVueloTest" time="0.09" tests="8" errors="0" skipped="0" failures="0">
  <properties>
[...]
</properties>
  <testcase name="cargarVuelosDesdeBDSinResultadosNoFalla" classname="logica.ManejadorVueloTest" time="0.003"/>
  <testcase name="obtieneVuelosPorAerolineaYPorRuta" classname="logica.ManejadorVueloTest" time="0.069"/>
  <testcase name="agregaYObtieneVuelo" classname="logica.ManejadorVueloTest" time="0.001"/>
  <testcase name="eliminarVueloConTransaccionElimina" classname="logica.ManejadorVueloTest" time="0.003"/>
  <testcase name="agregarConTransaccionRollbackOnException" classname="logica.ManejadorVueloTest" time="0.003"/>
  <testcase name="limpiarCacheVacia" classname="logica.ManejadorVueloTest" time="0.002"/>
  <testcase name="agregarConTransaccionHaceCommit" classname="logica.ManejadorVueloTest" time="0.001"/>
  <testcase name="getDtVuelosRetornaListaDeDt" classname="logica.ManejadorVueloTest" time="0.001"/>
</testsuite>