<?xml version="1.0" encoding="UTF-8"?>
<testsuite xmlns:xsi="http://www.w3.org/2001/XMLSchema-instance" xsi:noNamespaceSchemaLocation="https://maven.apache.org/surefire/maven-surefire-plugin/xsd/surefire-test-report-3.0.xsd" version="3.0" name="logica.ManejadorAerolineaTest" time="1.784" tests="16" errors="0" skipped="0" failures="0">
  <properties>
[...]
</properties>
  <testcase name="agregarAerolinea" classname="logica.ManejadorAerolineaTest" time="1.492">
    <system-err><![CDATA[WARNING: A Java agent has been loaded dynamically (C:\Users\agust\.m2\repository\net\bytebuddy\byte-buddy-agent\1.14.5\byte-buddy-agent-1.14.5.jar)
WARNING: If a serviceability tool is in use, please run with -XX:+EnableDynamicAgentLoading to hide this warning
WARNING: If a serviceability tool is not in use, please run with -Djdk.instrument.traceUsage for more information
WARNING: Dynamic loading of agents will be disallowed by default in a future release
]]></system-err>
  </testcase>
  <testcase name="getInstance" classname="logica.ManejadorAerolineaTest" time="0.002"/>
  <testcase name="agregarRutaVueloAAerolinea_noIniciaTransaccionSiNoExiste" classname="logica.ManejadorAerolineaTest" time="0.093"/>
  <testcase name="obtenerAerolineaPorEmail" classname="logica.ManejadorAerolineaTest" time="0.005"/>
  <testcase name="modificarDatosAerolineaCompleto_noCambiaPasswordSiEsVaciaEImagenNull" classname="logica.ManejadorAerolineaTest" time="0.005"/>
  <testcase name="verificarLogin" classname="logica.ManejadorAerolineaTest" time="0.005"/>
  <testcase name="modificarDatosAerolineaCompleto" classname="logica.ManejadorAerolineaTest" time="0.006"/>
  <testcase name="getAerolineas" classname="logica.ManejadorAerolineaTest" time="0.003"/>
  <testcase name="obtenerRutaVueloDeAerolinea" classname="logica.ManejadorAerolineaTest" time="0.041"/>
  <testcase name="cargarAerolineasDesdeBD" classname="logica.ManejadorAerolineaTest" time="0.093"/>
  <testcase name="actualizarImagenAerolinea" classname="logica.ManejadorAerolineaTest" time="0.005"/>
  <testcase name="actualizarPassword" classname="logica.ManejadorAerolineaTest" time="0.005"/>
  <testcase name="modificarDatosAerolinea" classname="logica.ManejadorAerolineaTest" time="0.003"/>
  <testcase name="getDtAerolineas" classname="logica.ManejadorAerolineaTest" time="0.006"/>
  <testcase name="obtenerAerolinea" classname="logica.ManejadorAerolineaTest" time="0.002"/>
  <testcase name="agregarRutaVueloAAerolinea" classname="logica.ManejadorAerolineaTest" time="0.004"/>
</testsuite>