<?xml version="1.0" encoding="UTF-8"?>
<testsuite xmlns:xsi="http://www.w3.org/2001/XMLSchema-instance" xsi:noNamespaceSchemaLocation="https://maven.apache.org/surefire/maven-surefire-plugin/xsd/surefire-test-report-3.0.xsd" version="3.0" name="logica.SistemaTest" time="0.63" tests="51" errors="0" skipped="0" failures="0">
  <properties>
[...]
</properties>
  <testcase name="altaRutaPaquete_Success_And_PaqueteYaComprado" classname="logica.SistemaTest" time="0.356">
    <system-err><![CDATA[oct. 23, 2025 2:20:58 A. M. logica.Sistema altaRutaPaquete
INFO: Ruta agregada al paquete correctamente: pOk, ruta: rOk
]]></system-err>
  </testcase>
  <testcase name="obtenerAerolinea_ReturnsDtAerolinea_And_NotFound" classname="logica.SistemaTest" time="0.006"/>
  <testcase name="listarCiudades_ReturnsDtList" classname="logica.SistemaTest" time="0.003"/>
  <testcase name="obtenerCliente_ReturnsDtClienteOrNull" classname="logica.SistemaTest" time="0.004"/>
  <testcase name="modificarDatosClienteCompleto_SuccessAndNotFound" classname="logica.SistemaTest" time="0.003"/>
  <testcase name="altaAerolinea_SuccessAndDuplicate" classname="logica.SistemaTest" time="0.003"/>
  <testcase name="crearYRegistrarReserva_VueloNullAndDuplicateReservation" classname="logica.SistemaTest" time="0.004"/>
  <testcase name="verificarLogin_ShouldCheckClientThenAerolinea" classname="logica.SistemaTest" time="0.002"/>
  <testcase name="registrarReservaVuelo_PersistenceException_Rollback" classname="logica.SistemaTest" time="0.004"/>
  <testcase name="registrarReservaVuelo_ManejadorVueloTieneReserva_ShouldThrow" classname="logica.SistemaTest" time="0.002"/>
  <testcase name="aceptarYRechazarRuta_VerifyCalls" classname="logica.SistemaTest" time="0.001"/>
  <testcase name="deprecatedAltaMethods_ShouldThrowUnsupported" classname="logica.SistemaTest" time="0.002"/>
  <testcase name="modificarDatosAerolinea_SuccessAndNotFound" classname="logica.SistemaTest" time="0.003"/>
  <testcase name="obtenerImagenClienteAndAerolinea_ReturnsCorrectUrls" classname="logica.SistemaTest" time="0.027"/>
  <testcase name="getReservasCliente_SuccessAndNotFound" classname="logica.SistemaTest" time="0.027"/>
  <testcase name="obtenerImagenRuta_ListarYObtenerRutasPendientes" classname="logica.SistemaTest" time="0.003"/>
  <testcase name="altaRutaVuelo_Validations" classname="logica.SistemaTest" time="0.005"/>
  <testcase name="listarYObtenerClientes_And_modificarDatosCliente" classname="logica.SistemaTest" time="0.002"/>
  <testcase name="obtenerRutaAndListarRutasPorAerolinea" classname="logica.SistemaTest" time="0.002"/>
  <testcase name="altaRutaPaquete_PaqueteMissingShouldThrow" classname="logica.SistemaTest" time="0.001"/>
  <testcase name="calcularCostoReserva_TuristaAndEjecutivo_ShouldReturnCorrectCost" classname="logica.SistemaTest" time="0.001"/>
  <testcase name="altaCiudad_WhenNotExists_ShouldAddCity" classname="logica.SistemaTest" time="0.001"/>
  <testcase name="listarRutasConfirmadas_ReturnsConfirmedUpToLimitAndSkipsOthers" classname="logica.SistemaTest" time="0.004"/>
  <testcase name="actualizarImagenRuta_SuccessAndNotFound" classname="logica.SistemaTest" time="0.002"/>
  <testcase name="actualizarPassword_ClientThenAerolineaFallback" classname="logica.SistemaTest" time="0.005">
    <system-err><![CDATA[oct. 23, 2025 2:20:59 A. M. logica.Sistema actualizarPassword
INFO: Contraseña actualizada para cliente: c@mail
oct. 23, 2025 2:20:59 A. M. logica.Sistema actualizarPassword
INFO: Contraseña actualizada para aerolínea: x@mail
]]></system-err>
  </testcase>
  <testcase name="getDtItemRutasPaquete_Success" classname="logica.SistemaTest" time="0.026"/>
  <testcase name="actualizarImagenAerolinea_SuccessAndNotFound" classname="logica.SistemaTest" time="0.003"/>
  <testcase name="altaCategoria_DuplicateAndSuccess" classname="logica.SistemaTest" time="0.003">
    <system-err><![CDATA[oct. 23, 2025 2:20:59 A. M. logica.Sistema altaCategoria
INFO: Categoría creada correctamente: cat2
]]></system-err>
  </testcase>
  <testcase name="listarCategorias_ReturnsDtList" classname="logica.SistemaTest" time="0.004"/>
  <testcase name="listarAerolineas_ReturnsDtList" classname="logica.SistemaTest" time="0.002"/>
  <testcase name="altaPaquete_ValidationAndSuccess" classname="logica.SistemaTest" time="0.003"/>
  <testcase name="obtenerDatosAdicionalesUsuario_ClientAndAerolineaPaths" classname="logica.SistemaTest" time="0.003"/>
  <testcase name="altaVuelo_MissingRouteThrowsAndSuccess" classname="logica.SistemaTest" time="0.003"/>
  <testcase name="crearPasajero_InvalidName_ShouldThrow" classname="logica.SistemaTest" time="0.003"/>
  <testcase name="listarVuelosPorRuta_ReturnsDtVueloList" classname="logica.SistemaTest" time="0.032"/>
  <testcase name="listarPaquetesAndDisponibles" classname="logica.SistemaTest" time="0.002"/>
  <testcase name="crearPasajero_ValidNames_ShouldReturnTrimmedPasajero" classname="logica.SistemaTest" time="0.001"/>
  <testcase name="calcularCostoReserva_WhenVueloNotFound_ShouldThrow" classname="logica.SistemaTest" time="0.002"/>
  <testcase name="cargarDesdeBd_ShouldCallAllLoaders" classname="logica.SistemaTest" time="0.004"/>
  <testcase name="actualizarImagenCliente_SuccessAndNotFound" classname="logica.SistemaTest" time="0.003"/>
  <testcase name="altaCiudad_WhenExists_ShouldThrow" classname="logica.SistemaTest" time="0.002"/>
  <testcase name="obtenerPaquete_and_DtPaquete_SuccessAndNotFound" classname="logica.SistemaTest" time="0.003"/>
  <testcase name="obtenerVuelo_SuccessAndNotFound" classname="logica.SistemaTest" time="0.001"/>
  <testcase name="registrarReservaVuelo_SuccessAndErrors" classname="logica.SistemaTest" time="0.004"/>
  <testcase name="verInfoVuelo_VerInfoCliente_VerInfoAerolinea_SuccessAndNotFound" classname="logica.SistemaTest" time="0.004"/>
  <testcase name="compraPaquete_MissingPackageOrClientOrAlreadyBought_AndSuccess" classname="logica.SistemaTest" time="0.008">
    <system-err><![CDATA[oct. 23, 2025 2:20:59 A. M. logica.Sistema compraPaquete
INFO: Paquete comprado correctamente para cliente: null, paquete: null
]]></system-err>
  </testcase>
  <testcase name="modificarDatosAerolineaCompleto_SuccessAndHandlerThrows" classname="logica.SistemaTest" time="0.003"/>
  <testcase name="obtenerReserva_FoundAndNotFound" classname="logica.SistemaTest" time="0.002"/>
  <testcase name="obtenerTipoUsuario_ShouldReturnCorrectTypeOrNull" classname="logica.SistemaTest" time="0.002"/>
  <testcase name="altaCliente_SuccessAndDuplicate" classname="logica.SistemaTest" time="0.003"/>
  <testcase name="getDtItemRutasPaquete_WhenEmptyShouldThrow" classname="logica.SistemaTest" time="0.003"/>
</testsuite>