GROUP,PACKAGE,CLASS,INSTRUCTION_MISSED,INSTRUCTION_COVERED,BRANCH_MISSED,BRANCH_COVERED,LINE_MISSED,LINE_COVERED,COMPLEXITY_MISSED,COMPLEXITY_COVERED,METHOD_MISSED,METHOD_COVERED
MiProyectoSwing,Presentacion.gui.guiSesion,InicioSesion.new ComponentAdapter() {...},7,0,0,0,3,0,2,0,2,0
MiProyectoSwing,Presentacion.gui.guiSesion,InicioSesion.new ActionListener() {...},350,0,48,0,75,0,26,0,2,0
MiProyectoSwing,Presentacion.gui.guiSesion,ConsultaVuelo,271,0,20,0,64,0,19,0,9,0
MiProyectoSwing,Presentacion.gui.guiSesion,InicioSesion,124,0,0,0,30,0,4,0,4,0
MiProyectoSwing,Presentacion.gui.guiSesion,ReservaVuelo,500,0,28,0,107,0,23,0,9,0
MiProyectoSwing,Presentacion.gui.guiSesion,VerUsuarios,582,0,36,0,127,0,32,0,14,0
MiProyectoSwing,Presentacion.gui.guiSesion,AceptarRuta,308,0,20,0,72,0,19,0,9,0
MiProyectoSwing,Presentacion.gui.guiSesion,AltaPaquete,147,0,8,0,47,0,8,0,4,0
MiProyectoSwing,Presentacion.gui.guiSesion,AltaCiudad.new ActionListener() {...},53,0,4,0,13,0,4,0,2,0
MiProyectoSwing,Presentacion.gui.guiSesion,AltaCiudad.new ActionListener() {...},15,0,0,0,4,0,2,0,2,0
MiProyectoSwing,Presentacion.gui.guiSesion,AgregarRutaVuelo,309,0,26,0,89,0,23,0,10,0
MiProyectoSwing,Presentacion.gui.guiSesion,ConsultaPaquete,302,0,14,0,65,0,15,0,8,0
MiProyectoSwing,Presentacion.gui.guiSesion,ModificarDatosAereolinea,325,0,34,0,86,0,26,0,9,0
MiProyectoSwing,Presentacion.gui.guiSesion,CompraPaquete,272,0,28,0,73,0,22,0,8,0
MiProyectoSwing,Presentacion.gui.guiSesion,AltaAereolinea.new ActionListener() {...},193,0,24,0,39,0,14,0,2,0
MiProyectoSwing,Presentacion.gui.guiSesion,AltaVuelo.new ActionListener() {...},136,0,14,0,28,0,9,0,2,0
MiProyectoSwing,Presentacion.gui.guiSesion,AltaVuelo.new ActionListener() {...},15,0,0,0,4,0,2,0,2,0
MiProyectoSwing,Presentacion.gui.guiSesion,AltaCategoria,64,0,2,0,22,0,5,0,4,0
MiProyectoSwing,Presentacion.gui.guiSesion,AltaAereolinea,98,0,0,0,24,0,4,0,4,0
MiProyectoSwing,Presentacion.gui.guiSesion,NuevaRutaVuelo,409,0,30,0,103,0,22,0,7,0
MiProyectoSwing,Presentacion.gui.guiSesion,AceptarRuta.new ActionListener() {...},10,0,0,0,3,0,2,0,2,0
MiProyectoSwing,Presentacion.gui.guiSesion,ConsultaRutaVuelo,637,0,38,0,107,0,25,0,6,0
MiProyectoSwing,Presentacion.gui.guiSesion,AceptarRuta.new ActionListener() {...},10,0,0,0,3,0,2,0,2,0
MiProyectoSwing,Presentacion.gui.guiSesion,AceptarRuta.new ActionListener() {...},10,0,0,0,3,0,2,0,2,0
MiProyectoSwing,Presentacion.gui.guiSesion,AceptarRuta.new ActionListener() {...},10,0,0,0,3,0,2,0,2,0
MiProyectoSwing,Presentacion.gui.guiSesion,AceptarRuta.new ActionListener() {...},10,0,0,0,3,0,2,0,2,0
MiProyectoSwing,Presentacion.gui.guiSesion,AltaAereolinea.new ActionListener() {...},11,0,0,0,3,0,2,0,2,0
MiProyectoSwing,Presentacion.gui.guiSesion,AltaAereolinea.new ActionListener() {...},11,0,0,0,3,0,2,0,2,0
MiProyectoSwing,Presentacion.gui.guiSesion,AltaAereolinea.new ActionListener() {...},16,0,2,0,5,0,3,0,2,0
MiProyectoSwing,Presentacion.gui.guiSesion,AltaCiudad,24,0,0,0,6,0,2,0,2,0
MiProyectoSwing,Presentacion.gui.guiSesion,ReservaVuelo.new DocumentListener() {...},18,0,0,0,4,0,4,0,4,0
MiProyectoSwing,Presentacion.gui.guiSesion,AltaVuelo,138,0,12,0,32,0,10,0,4,0
MiProyectoSwing,Presentacion.gui.guiSesion,ReservaVuelo.new ActionListener() {...},126,0,10,0,29,0,7,0,2,0
MiProyectoSwing,Presentacion.gui.guiSesion,InicioSesion.new ActionListener() {...},16,0,2,0,5,0,3,0,2,0
MiProyectoSwing,Presentacion.gui.guiSesion,InicioSesion.new ActionListener() {...},11,0,0,0,3,0,2,0,2,0
MiProyectoSwing,Presentacion.gui.guiSesion,ReservaVuelo.new ComponentAdapter() {...},3,0,0,0,1,0,1,0,1,0
MiProyectoSwing,Presentacion.gui.guiSesion,EligeUsuario,187,0,14,0,42,0,12,0,5,0
MiProyectoSwing,Presentacion.gui.guiSesion,InicioSesion.new ActionListener() {...},11,0,0,0,3,0,2,0,2,0
MiProyectoSwing,Presentacion.gui.guiSesion,ModificarDatosCliente,558,0,68,0,139,0,45,0,11,0
MiProyectoSwing,Presentacion.gui.guiSesion,EligeUsuario.new WindowAdapter() {...},11,0,0,0,3,0,2,0,2,0
MiProyectoSwing,com.intellij.uiDesigner.core,AbstractLayout,388,0,36,0,83,0,38,0,20,0
MiProyectoSwing,com.intellij.uiDesigner.core,Spacer,12,0,0,0,3,0,3,0,3,0
MiProyectoSwing,com.intellij.uiDesigner.core,DimensionInfo,490,0,82,0,107,0,57,0,16,0
MiProyectoSwing,com.intellij.uiDesigner.core,HorizontalInfo,37,0,0,0,10,0,9,0,9,0
MiProyectoSwing,com.intellij.uiDesigner.core,SupportCode.TextWithMnemonic,59,0,10,0,11,0,7,0,2,0
MiProyectoSwing,com.intellij.uiDesigner.core,GridLayoutManager,2222,0,256,0,429,0,180,0,52,0
MiProyectoSwing,com.intellij.uiDesigner.core,SupportCode,87,0,10,0,22,0,8,0,3,0
MiProyectoSwing,com.intellij.uiDesigner.core,VerticalInfo,37,0,0,0,10,0,9,0,9,0
MiProyectoSwing,com.intellij.uiDesigner.core,GridConstraints,827,0,90,0,154,0,81,0,36,0
MiProyectoSwing,com.intellij.uiDesigner.core,Util,313,0,46,0,59,0,31,0,8,0
MiProyectoSwing,com.intellij.uiDesigner.core,LayoutState,97,0,6,0,21,0,9,0,6,0
MiProyectoSwing,Presentacion.gui,IntentoDiseño.new ActionListener() {...},41,0,0,0,10,0,2,0,2,0
MiProyectoSwing,Presentacion.gui,IntentoDiseño.new ActionListener() {...},41,0,0,0,10,0,2,0,2,0
MiProyectoSwing,Presentacion.gui,IntentoDiseño.new ActionListener() {...},41,0,0,0,10,0,2,0,2,0
MiProyectoSwing,Presentacion.gui,IntentoDiseño.new ActionListener() {...},41,0,0,0,10,0,2,0,2,0
MiProyectoSwing,Presentacion.gui,IntentoDiseño.new ActionListener() {...},41,0,0,0,10,0,2,0,2,0
MiProyectoSwing,Presentacion.gui,IntentoDiseño.new ActionListener() {...},41,0,0,0,10,0,2,0,2,0
MiProyectoSwing,Presentacion.gui,IntentoDiseño.new ActionListener() {...},41,0,0,0,10,0,2,0,2,0
MiProyectoSwing,Presentacion.gui,IntentoDiseño.15.new WindowAdapter() {...},12,0,0,0,3,0,2,0,2,0
MiProyectoSwing,Presentacion.gui,IntentoDiseño.new ActionListener() {...},41,0,0,0,10,0,2,0,2,0
MiProyectoSwing,Presentacion.gui,IntentoDiseño.11.new WindowAdapter() {...},12,0,0,0,3,0,2,0,2,0
MiProyectoSwing,Presentacion.gui,IntentoDiseño.2.new WindowAdapter() {...},12,0,0,0,3,0,2,0,2,0
MiProyectoSwing,Presentacion.gui,IntentoDiseño.6.new WindowAdapter() {...},12,0,0,0,3,0,2,0,2,0
MiProyectoSwing,Presentacion.gui,IntentoDiseño.16.new WindowAdapter() {...},12,0,0,0,3,0,2,0,2,0
MiProyectoSwing,Presentacion.gui,IntentoDiseño.12.new WindowAdapter() {...},12,0,0,0,3,0,2,0,2,0
MiProyectoSwing,Presentacion.gui,IntentoDiseño.1.new WindowAdapter() {...},12,0,0,0,3,0,2,0,2,0
MiProyectoSwing,Presentacion.gui,IntentoDiseño.5.new WindowAdapter() {...},12,0,0,0,3,0,2,0,2,0
MiProyectoSwing,Presentacion.gui,IntentoDiseño.9.new WindowAdapter() {...},12,0,0,0,3,0,2,0,2,0
MiProyectoSwing,Presentacion.gui,Main,517,0,2,0,104,0,5,0,4,0
MiProyectoSwing,Presentacion.gui,IntentoDiseño.17.new WindowAdapter() {...},12,0,0,0,3,0,2,0,2,0
MiProyectoSwing,Presentacion.gui,IntentoDiseño.13.new WindowAdapter() {...},12,0,0,0,3,0,2,0,2,0
MiProyectoSwing,Presentacion.gui,IntentoDiseño.4.new WindowAdapter() {...},12,0,0,0,3,0,2,0,2,0
MiProyectoSwing,Presentacion.gui,IntentoDiseño.8.new WindowAdapter() {...},12,0,0,0,3,0,2,0,2,0
MiProyectoSwing,Presentacion.gui,IntentoDiseño.new ActionListener() {...},41,0,0,0,10,0,2,0,2,0
MiProyectoSwing,Presentacion.gui,IntentoDiseño.new ActionListener() {...},41,0,0,0,10,0,2,0,2,0
MiProyectoSwing,Presentacion.gui,IntentoDiseño.new ActionListener() {...},41,0,0,0,10,0,2,0,2,0
MiProyectoSwing,Presentacion.gui,IntentoDiseño.new ActionListener() {...},41,0,0,0,10,0,2,0,2,0
MiProyectoSwing,Presentacion.gui,IntentoDiseño.new ActionListener() {...},41,0,0,0,10,0,2,0,2,0
MiProyectoSwing,Presentacion.gui,IntentoDiseño.new ActionListener() {...},41,0,0,0,10,0,2,0,2,0
MiProyectoSwing,Presentacion.gui,IntentoDiseño,140,0,0,0,20,0,2,0,2,0
MiProyectoSwing,Presentacion.gui,IntentoDiseño.14.new WindowAdapter() {...},12,0,0,0,3,0,2,0,2,0
MiProyectoSwing,Presentacion.gui,IntentoDiseño.10.new WindowAdapter() {...},12,0,0,0,3,0,2,0,2,0
MiProyectoSwing,Presentacion.gui,IntentoDiseño.3.new WindowAdapter() {...},12,0,0,0,3,0,2,0,2,0
MiProyectoSwing,Presentacion.gui,IntentoDiseño.new ActionListener() {...},41,0,0,0,10,0,2,0,2,0
MiProyectoSwing,Presentacion.gui,IntentoDiseño.new ActionListener() {...},41,0,0,0,10,0,2,0,2,0
MiProyectoSwing,Presentacion.gui,IntentoDiseño.7.new WindowAdapter() {...},12,0,0,0,3,0,2,0,2,0
MiProyectoSwing,Presentacion.gui,IntentoDiseño.new ActionListener() {...},41,0,0,0,10,0,2,0,2,0
MiProyectoSwing,Logica,RutaVuelo.EstadoRuta,0,21,0,0,0,4,0,1,0,1
MiProyectoSwing,Logica,Usuario,51,49,2,2,15,16,11,6,9,6
MiProyectoSwing,Logica,ManejadorCiudad,101,0,8,0,27,0,10,0,6,0
MiProyectoSwing,Logica,Pasajero,26,0,0,0,9,0,6,0,6,0
MiProyectoSwing,Logica,Sistema,1425,0,142,0,329,0,131,0,60,0
MiProyectoSwing,Logica,ManejadorAerolinea,407,0,46,0,121,0,40,0,17,0
MiProyectoSwing,Logica,ItemPaquete,58,0,4,0,18,0,9,0,7,0
MiProyectoSwing,Logica,PasswordManager,18,31,0,0,5,8,2,2,2,2
MiProyectoSwing,Logica,Ciudad,78,0,0,0,27,0,16,0,16,0
MiProyectoSwing,Logica,Reserva,109,0,4,0,28,0,16,0,14,0
MiProyectoSwing,Logica,Aerolinea,26,184,10,10,2,49,11,11,1,11
MiProyectoSwing,Logica,ManejadorCliente,533,0,76,0,135,0,56,0,18,0
MiProyectoSwing,Logica,TipoAsiento,15,0,0,0,3,0,1,0,1,0
MiProyectoSwing,Logica,TipoDoc,21,0,2,0,6,0,3,0,2,0
MiProyectoSwing,Logica,ManejadorCategoria,79,0,6,0,24,0,9,0,6,0
MiProyectoSwing,Logica,ManejadorVuelo,275,0,24,0,74,0,29,0,17,0
MiProyectoSwing,Logica,Cliente,205,0,6,0,54,0,24,0,21,0
MiProyectoSwing,Logica,Fabrica,31,0,4,0,11,0,6,0,4,0
MiProyectoSwing,Logica,Vuelo,278,0,10,0,66,0,26,0,21,0
MiProyectoSwing,Logica,RutaVuelo,221,143,27,5,40,37,25,26,9,26
MiProyectoSwing,Logica,ManejadorPaquete,422,0,36,0,110,0,30,0,12,0
MiProyectoSwing,Logica,Paquete,181,0,14,0,45,0,23,0,16,0
MiProyectoSwing,Logica,ManejadorRutaVuelo,331,0,40,0,96,0,34,0,14,0
MiProyectoSwing,Logica,Categoria,16,0,0,0,8,0,4,0,4,0
MiProyectoSwing,Logica,CompraPaqLogica,62,0,0,0,19,0,13,0,13,0
MiProyectoSwing,DataTypes,DtCliente,104,0,0,0,35,0,17,0,17,0
MiProyectoSwing,DataTypes,DtCiudad,78,0,0,0,33,0,16,0,16,0
MiProyectoSwing,DataTypes,DtAerolinea,75,0,0,0,26,0,10,0,10,0
MiProyectoSwing,DataTypes,DtVuelo,66,0,0,0,21,0,11,0,11,0
MiProyectoSwing,DataTypes,DtUsuario,77,0,0,0,27,0,14,0,14,0
MiProyectoSwing,DataTypes,DtReserva,98,0,2,0,29,0,12,0,11,0
MiProyectoSwing,DataTypes,DtPasajero,32,0,0,0,13,0,7,0,7,0
MiProyectoSwing,DataTypes,DtCategoria,19,0,0,0,9,0,5,0,5,0
MiProyectoSwing,DataTypes,DtPaquete,219,0,16,0,64,0,25,0,17,0
MiProyectoSwing,DataTypes,DtRutaVuelo,85,66,0,0,27,23,11,7,11,7
MiProyectoSwing,DataTypes,DtItemPaquete,42,0,0,0,17,0,9,0,9,0
